1573145386578:	handler_mgr::get_handle trying to bind...127.0.0.1:28304
1573145386578:	handle_mgr::get_handle bind succeeded 127.0.0.1:28304
1573145388581:	handler_mgr::get_handle trying to bind...127.0.0.1:17481
1573145388581:	handle_mgr::get_handle bind succeeded 127.0.0.1:17481
RPC STATS: 1:2 6001:12 6005:11 
RPC STATS: 1:2 6001:25 6005:23 
RPC STATS: 1:2 6001:37 6005:36 
RPC STATS: 1:2 6001:50 6005:48 
RPC STATS: 1:2 6001:62 6005:61 
RPC STATS: 1:2 6001:75 6005:73 
RPC STATS: 1:2 6001:87 6005:86 
RPC STATS: 1:2 6001:100 6005:98 
RPC STATS: 1:2 6001:112 6005:111 
RPC STATS: 1:2 6001:125 6005:123 
RPC STATS: 1:2 6001:137 6005:136 
RPC STATS: 1:2 6001:150 6005:148 
RPC STATS: 1:2 6001:162 6005:161 
RPC STATS: 1:2 6001:175 6005:173 
RPC STATS: 1:2 6001:187 6005:186 
RPC STATS: 1:2 6001:200 6005:198 
RPC STATS: 1:2 6001:212 6005:211 
RPC STATS: 1:2 6001:225 6005:223 
RPC STATS: 1:2 6001:237 6005:236 
RPC STATS: 1:2 6001:250 6005:248 
RPC STATS: 1:2 6001:269 6004:1 6005:253 
RPC STATS: 1:2 6001:286 6004:2 6005:260 
RPC STATS: 1:2 6001:302 6004:4 6005:267 
RPC STATS: 1:2 6001:317 6004:9 6005:272 
RPC STATS: 1:2 6001:332 6004:13 6005:278 
RPC STATS: 1:2 6001:347 6004:19 6005:282 
RPC STATS: 1:2 6001:363 6004:24 6005:286 
RPC STATS: 1:2 6001:378 6004:28 6005:292 
RPC STATS: 1:2 6001:390 6004:40 6005:293 
RPC STATS: 1:2 6001:405 6003:3 6004:42 6005:298 
RPC STATS: 1:2 6001:426 6003:3 6004:43 6005:301 
RPC STATS: 1:2 6001:449 6003:3 6004:44 6005:302 
RPC STATS: 1:2 6001:474 6003:3 6004:44 6005:302 
RPC STATS: 1:2 6001:486 6002:1 6003:6 6004:48 6005:307 
RPC STATS: 1:2 6001:500 6002:3 6003:8 6004:51 6005:311 
RPC STATS: 1:2 6001:515 6002:3 6003:9 6004:53 6005:318 
RPC STATS: 1:2 6001:532 6002:3 6003:9 6004:53 6005:326 
RPC STATS: 1:2 6001:542 6002:8 6003:14 6004:53 6005:331 
RPC STATS: 1:2 6001:542 6002:20 6003:27 6004:53 6005:331 
RPC STATS: 1:2 6001:552 6002:23 6003:29 6004:63 6005:331 
RPC STATS: 1:2 6001:566 6002:23 6003:29 6004:73 6005:332 
RPC STATS: 1:2 6001:579 6002:25 6003:31 6004:74 6005:339 
RPC STATS: 1:2 6001:596 6002:25 6003:31 6004:74 6005:347 
RPC STATS: 1:2 6001:610 6002:27 6003:34 6004:74 6005:353 
RPC STATS: 1:2 6001:610 6002:40 6003:46 6004:74 6005:353 
RPC STATS: 1:2 6001:618 6002:45 6003:51 6004:81 6005:353 
RPC STATS: 1:2 6001:630 6002:45 6003:51 6004:94 6005:353 
RPC STATS: 1:2 6001:644 6002:48 6003:54 6004:94 6005:358 
RPC STATS: 1:2 6001:659 6002:51 6003:57 6004:94 6005:362 
RPC STATS: 1:2 6001:673 6002:55 6003:61 6004:96 6005:363 
RPC STATS: 1:2 6001:686 6002:55 6003:61 6004:104 6005:367 
RPC STATS: 1:2 6001:703 6002:55 6003:62 6004:104 6005:374 
RPC STATS: 1:2 6001:715 6002:55 6003:66 6004:109 6005:378 
RPC STATS: 1:2 6001:730 6002:55 6003:66 6004:114 6005:383 
RPC STATS: 1:2 6001:738 6002:55 6003:75 6004:122 6005:383 
RPC STATS: 1:2 6001:755 6002:55 6003:76 6004:124 6005:388 
RPC STATS: 1:2 6001:775 6002:55 6003:76 6004:124 6005:393 
RPC STATS: 1:2 6001:790 6002:55 6003:76 6004:134 6005:393 
RPC STATS: 1:2 6001:813 6002:55 6003:77 6004:134 6005:394 
RPC STATS: 1:2 6001:838 6002:55 6003:77 6004:134 6005:394 
RPC STATS: 1:2 6001:863 6002:55 6003:77 6004:134 6005:394 
RPC STATS: 1:2 6001:888 6002:55 6003:77 6004:134 6005:394 
RPC STATS: 1:2 6001:913 6002:55 6003:77 6004:134 6005:394 
RPC STATS: 1:2 6001:936 6002:55 6003:77 6004:134 6005:396 
RPC STATS: 1:2 6001:952 6002:55 6003:78 6004:134 6005:404 
RPC STATS: 1:2 6001:969 6002:55 6003:78 6004:134 6005:412 
RPC STATS: 1:2 6001:984 6002:55 6003:78 6004:140 6005:416 
